----------------------------------------------------------------
Fri Jun 24 00:16:17 CEST 2022:
Booting Derby version The Apache Software Foundation - Apache Derby - 10.14.2.0 - (1828579): instance a816c00e-0181-92a3-3085-0000071733c8 
on database directory D:\Universidad\Tecnologías de Aplicaciones Web\GithubTAW\TAW2022\Examenes\Intellij\CarritoSpringBoot-2\carrito with class loader sun.misc.Launcher$AppClassLoader@18b4aac2 
Loaded from file:/C:/Users/alvar/.m2/repository/org/apache/derby/derby/10.14.2.0/derby-10.14.2.0.jar
java.vendor=Oracle Corporation
java.runtime.version=1.8.0_111-b14
user.dir=D:\Universidad\Tecnologías de Aplicaciones Web\GithubTAW\TAW2022\Examenes\Intellij\CarritoSpringBoot-2
os.name=Windows 10
os.arch=amd64
os.version=10.0
derby.system.home=null
Database Class Loader started - derby.database.classpath=''
----------------------------------------------------------------
Fri Jun 24 00:21:32 CEST 2022:
Shutting down instance a816c00e-0181-92a3-3085-0000071733c8 on database directory D:\Universidad\Tecnologías de Aplicaciones Web\GithubTAW\TAW2022\Examenes\Intellij\CarritoSpringBoot-2\carrito with class loader sun.misc.Launcher$AppClassLoader@18b4aac2 
Fri Jun 24 00:21:33 CEST 2022 Thread[Thread-27,5,main] Cleanup action starting
ERROR XBM0I: Directory carrito cannot be removed.
	at org.apache.derby.iapi.error.StandardException.newException(Unknown Source)
	at org.apache.derby.iapi.error.StandardException.newException(Unknown Source)
	at org.apache.derby.iapi.services.monitor.Monitor.removePersistentService(Unknown Source)
	at org.apache.derby.impl.jdbc.EmbedConnection$6.run(Unknown Source)
	at java.security.AccessController.doPrivileged(Native Method)
	at org.apache.derby.impl.jdbc.EmbedConnection.removePersistentService(Unknown Source)
	at org.apache.derby.impl.jdbc.EmbedConnection.<init>(Unknown Source)
	at org.apache.derby.jdbc.InternalDriver$1.run(Unknown Source)
	at org.apache.derby.jdbc.InternalDriver$1.run(Unknown Source)
	at java.security.AccessController.doPrivileged(Native Method)
	at org.apache.derby.jdbc.InternalDriver.getNewEmbedConnection(Unknown Source)
	at org.apache.derby.jdbc.InternalDriver$LoginCallable.call(Unknown Source)
	at org.apache.derby.jdbc.InternalDriver$LoginCallable.call(Unknown Source)
	at java.util.concurrent.FutureTask.run(FutureTask.java:266)
	at java.util.concurrent.ThreadPoolExecutor.runWorker(ThreadPoolExecutor.java:1142)
	at java.util.concurrent.ThreadPoolExecutor$Worker.run(ThreadPoolExecutor.java:617)
	at java.lang.Thread.run(Thread.java:745)
Cleanup action completed
Fri Jun 24 00:21:33 CEST 2022 Thread[Thread-27,5,main] Cleanup action starting
ERROR XBM0I: Directory carrito cannot be removed.
	at org.apache.derby.iapi.error.StandardException.newException(Unknown Source)
	at org.apache.derby.iapi.error.StandardException.newException(Unknown Source)
	at org.apache.derby.iapi.services.monitor.Monitor.removePersistentService(Unknown Source)
	at org.apache.derby.impl.jdbc.EmbedConnection$6.run(Unknown Source)
	at java.security.AccessController.doPrivileged(Native Method)
	at org.apache.derby.impl.jdbc.EmbedConnection.removePersistentService(Unknown Source)
	at org.apache.derby.impl.jdbc.EmbedConnection.<init>(Unknown Source)
	at org.apache.derby.jdbc.InternalDriver$1.run(Unknown Source)
	at org.apache.derby.jdbc.InternalDriver$1.run(Unknown Source)
	at java.security.AccessController.doPrivileged(Native Method)
	at org.apache.derby.jdbc.InternalDriver.getNewEmbedConnection(Unknown Source)
	at org.apache.derby.jdbc.InternalDriver$LoginCallable.call(Unknown Source)
	at org.apache.derby.jdbc.InternalDriver$LoginCallable.call(Unknown Source)
	at java.util.concurrent.FutureTask.run(FutureTask.java:266)
	at java.util.concurrent.ThreadPoolExecutor.runWorker(ThreadPoolExecutor.java:1142)
	at java.util.concurrent.ThreadPoolExecutor$Worker.run(ThreadPoolExecutor.java:617)
	at java.lang.Thread.run(Thread.java:745)
Cleanup action completed
